This file contains any messages produced by compilers while
running configure, to aid debugging if configure makes a mistake.

It was created by libxml2 configure 2.12.4, which was
generated by GNU Autoconf 2.71.  Invocation command line was

  $ /Users/runner/_work/imagingsuite/imagingsuite/Cache/p/b/libxm4ac999b956cb7/b/src/configure --enable-shared --disable-static --prefix=/ '--bindir=${prefix}/bin' '--sbindir=${prefix}/bin' '--libdir=${prefix}/lib' '--includedir=${prefix}/include' '--oldincludedir=${prefix}/include' --enable-shared=yes --enable-static=no --with-c14n=yes --with-catalog=yes --with-ftp=yes --with-http=yes --with-html=yes --with-iconv=yes --with-icu=no --with-iso8859x=yes --with-legacy=yes --with-mem-debug=no --with-output=yes --with-pattern=yes --with-push=yes --with-python=no --with-reader=yes --with-regexps=yes --with-sax1=yes --with-schemas=yes --with-schematron=yes --with-threads=yes --with-tree=yes --with-valid=yes --with-writer=yes --with-xinclude=yes --with-xpath=yes --with-xptr=yes --with-zlib=yes --with-lzma=no

## --------- ##
## Platform. ##
## --------- ##

hostname = Mac-1712747880081.local
uname -m = arm64
uname -r = 23.3.0
uname -s = Darwin
uname -v = Darwin Kernel Version 23.3.0: Wed Dec 20 21:30:07 PST 2023; root:xnu-10002.81.5~7/RELEASE_ARM64_VMAPPLE

/usr/bin/uname -p = arm
/bin/uname -X     = unknown

/bin/arch              = unknown
/usr/bin/arch -k       = unknown
/usr/convex/getsysinfo = unknown
/usr/bin/hostinfo      = Mach kernel version:
	 Darwin Kernel Version 23.3.0: Wed Dec 20 21:30:07 PST 2023; root:xnu-10002.81.5~7/RELEASE_ARM64_VMAPPLE
Kernel configured for up to 4 processors.
4 processors are physically available.
4 processors are logically available.
Processor type: arm64e (ARM64E)
Processors active: 0 1 2 3
Primary memory available: 7.00 gigabytes
Default processor set: 513 tasks, 1563 threads, 4 processors
Load average: 2.68, Mach factor: 1.91
/bin/machine           = unknown
/usr/bin/oslevel       = unknown
/bin/universe          = unknown

PATH: /Users/runner/_work/imagingsuite/imagingsuite/Cache/p/b/libic325eb370bbcc7/p/bin/
PATH: /Users/runner/_work/imagingsuite/imagingsuite/Cache/p/pkgco45f0cec3e078a/p/bin/
PATH: /home/runner/.local/bin/
PATH: /Users/runner/_work/imagingsuite/imagingsuite/Qt/6.2.4/macos/bin/
PATH: /Users/runner/hostedtoolcache/Python/3.11.8/arm64/bin/
PATH: /Users/runner/hostedtoolcache/Python/3.11.8/arm64/
PATH: /opt/homebrew/lib/ruby/gems/3.0.0/bin/
PATH: /opt/homebrew/opt/ruby@3.0/bin/
PATH: /opt/homebrew/bin/
PATH: /opt/homebrew/sbin/
PATH: /Users/runner/.cargo/bin/
PATH: /usr/local/opt/curl/bin/
PATH: /usr/local/bin/
PATH: /usr/local/sbin/
PATH: /Users/runner/bin/
PATH: /Users/runner/.yarn/bin/
PATH: /Users/runner/Library/Android/sdk/tools/
PATH: /Users/runner/Library/Android/sdk/platform-tools/
PATH: /Library/Frameworks/Python.framework/Versions/Current/bin/
PATH: /Library/Frameworks/Mono.framework/Versions/Current/Commands/
PATH: /usr/bin/
PATH: /bin/
PATH: /usr/sbin/
PATH: /sbin/
PATH: /Users/runner/.dotnet/tools/


## ----------- ##
## Core tests. ##
## ----------- ##

configure:2672: looking for aux files: ltmain.sh compile missing install-sh config.guess config.sub
configure:2685:  trying /Users/runner/_work/imagingsuite/imagingsuite/Cache/p/b/libxm4ac999b956cb7/b/src/
configure:2714:   /Users/runner/_work/imagingsuite/imagingsuite/Cache/p/b/libxm4ac999b956cb7/b/src/ltmain.sh found
configure:2714:   /Users/runner/_work/imagingsuite/imagingsuite/Cache/p/b/libxm4ac999b956cb7/b/src/compile found
configure:2714:   /Users/runner/_work/imagingsuite/imagingsuite/Cache/p/b/libxm4ac999b956cb7/b/src/missing found
configure:2696:   /Users/runner/_work/imagingsuite/imagingsuite/Cache/p/b/libxm4ac999b956cb7/b/src/install-sh found
configure:2714:   /Users/runner/_work/imagingsuite/imagingsuite/Cache/p/b/libxm4ac999b956cb7/b/src/config.guess found
configure:2714:   /Users/runner/_work/imagingsuite/imagingsuite/Cache/p/b/libxm4ac999b956cb7/b/src/config.sub found
configure:2836: checking build system type
configure:2851: result: aarch64-apple-darwin23.3.0
configure:2871: checking host system type
configure:2885: result: aarch64-apple-darwin23.3.0
configure:2951: checking for a BSD-compatible install
configure:3024: result: /usr/bin/install -c
configure:3035: checking whether build environment is sane
configure:3090: result: yes
configure:3249: checking for a race-free mkdir -p
configure:3293: result: /Users/runner/_work/imagingsuite/imagingsuite/Cache/p/b/libxm4ac999b956cb7/b/src/install-sh -c -d
configure:3300: checking for gawk
configure:3335: result: no
configure:3300: checking for mawk
configure:3335: result: no
configure:3300: checking for nawk
configure:3335: result: no
configure:3300: checking for awk
configure:3321: found /usr/bin/awk
configure:3332: result: awk
configure:3343: checking whether make sets $(MAKE)
configure:3366: result: yes
configure:3396: checking whether make supports nested variables
configure:3414: result: yes
configure:3551: checking whether to enable maintainer-specific portions of Makefiles
configure:3561: result: yes
configure:3586: checking whether make supports nested variables
configure:3604: result: yes
configure:3678: checking for gcc
configure:3699: found /usr/bin/gcc
configure:3710: result: gcc
configure:4063: checking for C compiler version
configure:4072: gcc --version >&5
Apple clang version 15.0.0 (clang-1500.0.40.1)
Target: arm64-apple-darwin23.3.0
Thread model: posix
InstalledDir: /Applications/Xcode_15.0.1.app/Contents/Developer/Toolchains/XcodeDefault.xctoolchain/usr/bin
configure:4083: $? = 0
configure:4072: gcc -v >&5
Apple clang version 15.0.0 (clang-1500.0.40.1)
Target: arm64-apple-darwin23.3.0
Thread model: posix
InstalledDir: /Applications/Xcode_15.0.1.app/Contents/Developer/Toolchains/XcodeDefault.xctoolchain/usr/bin
configure:4083: $? = 0
configure:4072: gcc -V >&5
clang: error: argument to '-V' is missing (expected 1 value)
clang: error: no input files
configure:4083: $? = 1
configure:4072: gcc -qversion >&5
clang: error: unknown argument '-qversion'; did you mean '--version'?
clang: error: no input files
configure:4083: $? = 1
configure:4072: gcc -version >&5
clang: error: unknown argument '-version'; did you mean '--version'?
clang: error: no input files
configure:4083: $? = 1
configure:4103: checking whether the C compiler works
configure:4125: gcc  -O3  -DNDEBUG -I/Users/runner/_work/imagingsuite/imagingsuite/Cache/p/b/libic325eb370bbcc7/p/include -I/Users/runner/_work/imagingsuite/imagingsuite/Cache/p/b/zlib7a1ac1cced6ad/p/include  -L/Users/runner/_work/imagingsuite/imagingsuite/Cache/p/b/libic325eb370bbcc7/p/lib -L/Users/runner/_work/imagingsuite/imagingsuite/Cache/p/b/zlib7a1ac1cced6ad/p/lib -Wl,-rpath -Wl,/Users/runner/_work/imagingsuite/imagingsuite/Cache/p/b/libic325eb370bbcc7/p/lib -Wl,-rpath -Wl,/Users/runner/_work/imagingsuite/imagingsuite/Cache/p/b/zlib7a1ac1cced6ad/p/lib conftest.c  -liconv -lcharset -lz >&5
configure:4129: $? = 0
configure:4179: result: yes
configure:4182: checking for C compiler default output file name
configure:4184: result: a.out
configure:4190: checking for suffix of executables
configure:4197: gcc -o conftest  -O3  -DNDEBUG -I/Users/runner/_work/imagingsuite/imagingsuite/Cache/p/b/libic325eb370bbcc7/p/include -I/Users/runner/_work/imagingsuite/imagingsuite/Cache/p/b/zlib7a1ac1cced6ad/p/include  -L/Users/runner/_work/imagingsuite/imagingsuite/Cache/p/b/libic325eb370bbcc7/p/lib -L/Users/runner/_work/imagingsuite/imagingsuite/Cache/p/b/zlib7a1ac1cced6ad/p/lib -Wl,-rpath -Wl,/Users/runner/_work/imagingsuite/imagingsuite/Cache/p/b/libic325eb370bbcc7/p/lib -Wl,-rpath -Wl,/Users/runner/_work/imagingsuite/imagingsuite/Cache/p/b/zlib7a1ac1cced6ad/p/lib conftest.c  -liconv -lcharset -lz >&5
configure:4201: $? = 0
configure:4224: result: 
configure:4246: checking whether we are cross compiling
configure:4254: gcc -o conftest  -O3  -DNDEBUG -I/Users/runner/_work/imagingsuite/imagingsuite/Cache/p/b/libic325eb370bbcc7/p/include -I/Users/runner/_work/imagingsuite/imagingsuite/Cache/p/b/zlib7a1ac1cced6ad/p/include  -L/Users/runner/_work/imagingsuite/imagingsuite/Cache/p/b/libic325eb370bbcc7/p/lib -L/Users/runner/_work/imagingsuite/imagingsuite/Cache/p/b/zlib7a1ac1cced6ad/p/lib -Wl,-rpath -Wl,/Users/runner/_work/imagingsuite/imagingsuite/Cache/p/b/libic325eb370bbcc7/p/lib -Wl,-rpath -Wl,/Users/runner/_work/imagingsuite/imagingsuite/Cache/p/b/zlib7a1ac1cced6ad/p/lib conftest.c  -liconv -lcharset -lz >&5
configure:4258: $? = 0
configure:4265: ./conftest
configure:4269: $? = 0
configure:4284: result: no
configure:4289: checking for suffix of object files
configure:4312: gcc -c  -O3  -DNDEBUG -I/Users/runner/_work/imagingsuite/imagingsuite/Cache/p/b/libic325eb370bbcc7/p/include -I/Users/runner/_work/imagingsuite/imagingsuite/Cache/p/b/zlib7a1ac1cced6ad/p/include conftest.c >&5
configure:4316: $? = 0
configure:4338: result: o
configure:4342: checking whether the compiler supports GNU C
configure:4362: gcc -c  -O3  -DNDEBUG -I/Users/runner/_work/imagingsuite/imagingsuite/Cache/p/b/libic325eb370bbcc7/p/include -I/Users/runner/_work/imagingsuite/imagingsuite/Cache/p/b/zlib7a1ac1cced6ad/p/include conftest.c >&5
configure:4362: $? = 0
configure:4372: result: yes
configure:4383: checking whether gcc accepts -g
configure:4404: gcc -c -g  -DNDEBUG -I/Users/runner/_work/imagingsuite/imagingsuite/Cache/p/b/libic325eb370bbcc7/p/include -I/Users/runner/_work/imagingsuite/imagingsuite/Cache/p/b/zlib7a1ac1cced6ad/p/include conftest.c >&5
configure:4404: $? = 0
configure:4448: result: yes
configure:4468: checking for gcc option to enable C11 features
configure:4483: gcc  -c  -O3  -DNDEBUG -I/Users/runner/_work/imagingsuite/imagingsuite/Cache/p/b/libic325eb370bbcc7/p/include -I/Users/runner/_work/imagingsuite/imagingsuite/Cache/p/b/zlib7a1ac1cced6ad/p/include conftest.c >&5
conftest.c:25:14: warning: a function definition without a prototype is deprecated in all versions of C and is not supported in C2x [-Wdeprecated-non-prototype]
static char *e (p, i)
             ^
1 warning generated.
configure:4483: $? = 0
configure:4501: result: none needed
configure:4617: checking whether gcc understands -c and -o together
configure:4640: gcc -c conftest.c -o conftest2.o
configure:4643: $? = 0
configure:4640: gcc -c conftest.c -o conftest2.o
configure:4643: $? = 0
configure:4655: result: yes
configure:4675: checking whether make supports the include directive
configure:4690: make -f confmf.GNU && cat confinc.out
this is the am__doit target
configure:4693: $? = 0
configure:4712: result: yes (GNU style)
configure:4738: checking dependency style of gcc
configure:4850: result: gcc3
configure:4866: checking whether ln -s works
configure:4870: result: yes
configure:4880: checking for tar
configure:4903: found /usr/bin/tar
configure:4916: result: /usr/bin/tar
configure:4926: checking for perl
configure:4949: found /opt/homebrew/bin/perl
configure:4962: result: /opt/homebrew/bin/perl
configure:4972: checking for wget
configure:4995: found /opt/homebrew/bin/wget
configure:5008: result: /opt/homebrew/bin/wget
configure:5018: checking for xsltproc
configure:5041: found /usr/bin/xsltproc
configure:5054: result: /usr/bin/xsltproc
configure:5181: checking pkg-config is at least version 0.9.0
configure:5184: result: yes
configure:5240: checking how to print strings
configure:5267: result: printf
configure:5288: checking for a sed that does not truncate output
configure:5358: result: /usr/bin/sed
configure:5376: checking for grep that handles long lines and -e
configure:5440: result: /usr/bin/grep
configure:5445: checking for egrep
configure:5513: result: /usr/bin/grep -E
configure:5518: checking for fgrep
configure:5586: result: /usr/bin/grep -F
configure:5622: checking for ld used by gcc
configure:5690: result: /Applications/Xcode_15.0.1.app/Contents/Developer/Toolchains/XcodeDefault.xctoolchain/usr/bin/ld
configure:5697: checking if the linker (/Applications/Xcode_15.0.1.app/Contents/Developer/Toolchains/XcodeDefault.xctoolchain/usr/bin/ld) is GNU ld
configure:5713: result: no
configure:5725: checking for BSD- or MS-compatible name lister (nm)
configure:5780: result: /usr/bin/nm -B
configure:5920: checking the name lister (/usr/bin/nm -B) interface
configure:5928: gcc -c  -O3  -DNDEBUG -I/Users/runner/_work/imagingsuite/imagingsuite/Cache/p/b/libic325eb370bbcc7/p/include -I/Users/runner/_work/imagingsuite/imagingsuite/Cache/p/b/zlib7a1ac1cced6ad/p/include conftest.c >&5
configure:5931: /usr/bin/nm -B "conftest.o"
configure:5934: output
0000000000000000 S _some_variable
0000000000000000 t ltmp0
0000000000000000 s ltmp1
configure:5941: result: BSD nm
configure:5945: checking the maximum length of command line arguments
configure:6077: result: 786432
configure:6125: checking how to convert aarch64-apple-darwin23.3.0 file names to aarch64-apple-darwin23.3.0 format
configure:6166: result: func_convert_file_noop
configure:6173: checking how to convert aarch64-apple-darwin23.3.0 file names to toolchain format
configure:6194: result: func_convert_file_noop
configure:6201: checking for /Applications/Xcode_15.0.1.app/Contents/Developer/Toolchains/XcodeDefault.xctoolchain/usr/bin/ld option to reload object files
configure:6209: result: -r
configure:6288: checking for objdump
configure:6309: found /usr/bin/objdump
configure:6320: result: objdump
configure:6352: checking how to recognize dependent libraries
configure:6553: result: pass_all
configure:6643: checking for dlltool
configure:6678: result: no
configure:6708: checking how to associate runtime and link libraries
configure:6736: result: printf %s\n
configure:6802: checking for ar
configure:6823: found /usr/bin/ar
configure:6834: result: ar
configure:6871: checking for archiver @FILE support
configure:6889: gcc -c  -O3  -DNDEBUG -I/Users/runner/_work/imagingsuite/imagingsuite/Cache/p/b/libic325eb370bbcc7/p/include -I/Users/runner/_work/imagingsuite/imagingsuite/Cache/p/b/zlib7a1ac1cced6ad/p/include conftest.c >&5
configure:6889: $? = 0
configure:6893: ar cr libconftest.a @conftest.lst >&5
ar: @conftest.lst: No such file or directory
configure:6896: $? = 1
configure:6916: result: no
configure:6979: checking for strip
configure:7000: found /usr/bin/strip
configure:7011: result: strip
configure:7088: checking for ranlib
configure:7109: found /usr/bin/ranlib
configure:7120: result: ranlib
configure:7222: checking command to parse /usr/bin/nm -B output from gcc object
configure:7376: gcc -c  -O3  -DNDEBUG -I/Users/runner/_work/imagingsuite/imagingsuite/Cache/p/b/libic325eb370bbcc7/p/include -I/Users/runner/_work/imagingsuite/imagingsuite/Cache/p/b/zlib7a1ac1cced6ad/p/include conftest.c >&5
configure:7379: $? = 0
configure:7383: /usr/bin/nm -B conftest.o | sed -n -e 's/^.*[	 ]\([ABCDGIRSTW][ABCDGIRSTW]*\)[	 ][	 ]*\([_A-Za-z][_A-Za-z0-9]*\)$/\1 \2 \2/p' | sed '/ __gnu_lto/d' > conftest.nm
cannot find nm_test_var in conftest.nm
configure:7376: gcc -c  -O3  -DNDEBUG -I/Users/runner/_work/imagingsuite/imagingsuite/Cache/p/b/libic325eb370bbcc7/p/include -I/Users/runner/_work/imagingsuite/imagingsuite/Cache/p/b/zlib7a1ac1cced6ad/p/include conftest.c >&5
configure:7379: $? = 0
configure:7383: /usr/bin/nm -B conftest.o | sed -n -e 's/^.*[	 ]\([ABCDGIRSTW][ABCDGIRSTW]*\)[	 ][	 ]*_\([_A-Za-z][_A-Za-z0-9]*\)$/\1 _\2 \2/p' | sed '/ __gnu_lto/d' > conftest.nm
configure:7449: gcc -o conftest  -O3  -DNDEBUG -I/Users/runner/_work/imagingsuite/imagingsuite/Cache/p/b/libic325eb370bbcc7/p/include -I/Users/runner/_work/imagingsuite/imagingsuite/Cache/p/b/zlib7a1ac1cced6ad/p/include  -L/Users/runner/_work/imagingsuite/imagingsuite/Cache/p/b/libic325eb370bbcc7/p/lib -L/Users/runner/_work/imagingsuite/imagingsuite/Cache/p/b/zlib7a1ac1cced6ad/p/lib -Wl,-rpath -Wl,/Users/runner/_work/imagingsuite/imagingsuite/Cache/p/b/libic325eb370bbcc7/p/lib -Wl,-rpath -Wl,/Users/runner/_work/imagingsuite/imagingsuite/Cache/p/b/zlib7a1ac1cced6ad/p/lib conftest.c conftstm.o >&5
configure:7452: $? = 0
configure:7490: result: ok
configure:7537: checking for sysroot
configure:7568: result: no
configure:7575: checking for a working dd
configure:7619: result: /bin/dd
configure:7623: checking how to truncate binary pipes
configure:7639: result: /bin/dd bs=4096 count=1
configure:7976: checking for mt
configure:8011: result: no
configure:8031: checking if : is a manifest tool
configure:8038: : '-?'
configure:8046: result: no
configure:8107: checking for dsymutil
configure:8128: found /usr/bin/dsymutil
configure:8139: result: dsymutil
configure:8209: checking for nmedit
configure:8230: found /usr/bin/nmedit
configure:8241: result: nmedit
configure:8311: checking for lipo
configure:8332: found /usr/bin/lipo
configure:8343: result: lipo
configure:8413: checking for otool
configure:8434: found /usr/bin/otool
configure:8445: result: otool
configure:8515: checking for otool64
configure:8550: result: no
configure:8595: checking for -single_module linker flag
gcc  -O3  -L/Users/runner/_work/imagingsuite/imagingsuite/Cache/p/b/libic325eb370bbcc7/p/lib -L/Users/runner/_work/imagingsuite/imagingsuite/Cache/p/b/zlib7a1ac1cced6ad/p/lib -Wl,-rpath -Wl,/Users/runner/_work/imagingsuite/imagingsuite/Cache/p/b/libic325eb370bbcc7/p/lib -Wl,-rpath -Wl,/Users/runner/_work/imagingsuite/imagingsuite/Cache/p/b/zlib7a1ac1cced6ad/p/lib -o libconftest.dylib -dynamiclib -Wl,-single_module conftest.c
ld: warning: -single_module is obsolete
configure:8629: result: no
configure:8632: checking for -exported_symbols_list linker flag
configure:8653: gcc -o conftest  -O3  -DNDEBUG -I/Users/runner/_work/imagingsuite/imagingsuite/Cache/p/b/libic325eb370bbcc7/p/include -I/Users/runner/_work/imagingsuite/imagingsuite/Cache/p/b/zlib7a1ac1cced6ad/p/include  -L/Users/runner/_work/imagingsuite/imagingsuite/Cache/p/b/libic325eb370bbcc7/p/lib -L/Users/runner/_work/imagingsuite/imagingsuite/Cache/p/b/zlib7a1ac1cced6ad/p/lib -Wl,-rpath -Wl,/Users/runner/_work/imagingsuite/imagingsuite/Cache/p/b/libic325eb370bbcc7/p/lib -Wl,-rpath -Wl,/Users/runner/_work/imagingsuite/imagingsuite/Cache/p/b/zlib7a1ac1cced6ad/p/lib -Wl,-exported_symbols_list,conftest.sym conftest.c  -liconv -lcharset -lz >&5
configure:8653: $? = 0
configure:8664: result: yes
configure:8667: checking for -force_load linker flag
gcc  -O3 -c -o conftest.o conftest.c
ar cr libconftest.a conftest.o
ranlib libconftest.a
gcc  -O3  -L/Users/runner/_work/imagingsuite/imagingsuite/Cache/p/b/libic325eb370bbcc7/p/lib -L/Users/runner/_work/imagingsuite/imagingsuite/Cache/p/b/zlib7a1ac1cced6ad/p/lib -Wl,-rpath -Wl,/Users/runner/_work/imagingsuite/imagingsuite/Cache/p/b/libic325eb370bbcc7/p/lib -Wl,-rpath -Wl,/Users/runner/_work/imagingsuite/imagingsuite/Cache/p/b/zlib7a1ac1cced6ad/p/lib -o conftest conftest.c -Wl,-force_load,./libconftest.a
configure:8700: result: yes
configure:8776: checking for stdio.h
configure:8776: gcc -c  -O3  -DNDEBUG -I/Users/runner/_work/imagingsuite/imagingsuite/Cache/p/b/libic325eb370bbcc7/p/include -I/Users/runner/_work/imagingsuite/imagingsuite/Cache/p/b/zlib7a1ac1cced6ad/p/include conftest.c >&5
configure:8776: $? = 0
configure:8776: result: yes
configure:8776: checking for stdlib.h
configure:8776: gcc -c  -O3  -DNDEBUG -I/Users/runner/_work/imagingsuite/imagingsuite/Cache/p/b/libic325eb370bbcc7/p/include -I/Users/runner/_work/imagingsuite/imagingsuite/Cache/p/b/zlib7a1ac1cced6ad/p/include conftest.c >&5
configure:8776: $? = 0
configure:8776: result: yes
configure:8776: checking for string.h
configure:8776: gcc -c  -O3  -DNDEBUG -I/Users/runner/_work/imagingsuite/imagingsuite/Cache/p/b/libic325eb370bbcc7/p/include -I/Users/runner/_work/imagingsuite/imagingsuite/Cache/p/b/zlib7a1ac1cced6ad/p/include conftest.c >&5
configure:8776: $? = 0
configure:8776: result: yes
configure:8776: checking for inttypes.h
configure:8776: gcc -c  -O3  -DNDEBUG -I/Users/runner/_work/imagingsuite/imagingsuite/Cache/p/b/libic325eb370bbcc7/p/include -I/Users/runner/_work/imagingsuite/imagingsuite/Cache/p/b/zlib7a1ac1cced6ad/p/include conftest.c >&5
configure:8776: $? = 0
configure:8776: result: yes
configure:8776: checking for stdint.h
configure:8776: gcc -c  -O3  -DNDEBUG -I/Users/runner/_work/imagingsuite/imagingsuite/Cache/p/b/libic325eb370bbcc7/p/include -I/Users/runner/_work/imagingsuite/imagingsuite/Cache/p/b/zlib7a1ac1cced6ad/p/include conftest.c >&5
configure:8776: $? = 0
configure:8776: result: yes
configure:8776: checking for strings.h
configure:8776: gcc -c  -O3  -DNDEBUG -I/Users/runner/_work/imagingsuite/imagingsuite/Cache/p/b/libic325eb370bbcc7/p/include -I/Users/runner/_work/imagingsuite/imagingsuite/Cache/p/b/zlib7a1ac1cced6ad/p/include conftest.c >&5
configure:8776: $? = 0
configure:8776: result: yes
configure:8776: checking for sys/stat.h
configure:8776: gcc -c  -O3  -DNDEBUG -I/Users/runner/_work/imagingsuite/imagingsuite/Cache/p/b/libic325eb370bbcc7/p/include -I/Users/runner/_work/imagingsuite/imagingsuite/Cache/p/b/zlib7a1ac1cced6ad/p/include conftest.c >&5
configure:8776: $? = 0
configure:8776: result: yes
configure:8776: checking for sys/types.h
configure:8776: gcc -c  -O3  -DNDEBUG -I/Users/runner/_work/imagingsuite/imagingsuite/Cache/p/b/libic325eb370bbcc7/p/include -I/Users/runner/_work/imagingsuite/imagingsuite/Cache/p/b/zlib7a1ac1cced6ad/p/include conftest.c >&5
configure:8776: $? = 0
configure:8776: result: yes
configure:8776: checking for unistd.h
configure:8776: gcc -c  -O3  -DNDEBUG -I/Users/runner/_work/imagingsuite/imagingsuite/Cache/p/b/libic325eb370bbcc7/p/include -I/Users/runner/_work/imagingsuite/imagingsuite/Cache/p/b/zlib7a1ac1cced6ad/p/include conftest.c >&5
configure:8776: $? = 0
configure:8776: result: yes
configure:8801: checking for dlfcn.h
configure:8801: gcc -c  -O3  -DNDEBUG -I/Users/runner/_work/imagingsuite/imagingsuite/Cache/p/b/libic325eb370bbcc7/p/include -I/Users/runner/_work/imagingsuite/imagingsuite/Cache/p/b/zlib7a1ac1cced6ad/p/include conftest.c >&5
configure:8801: $? = 0
configure:8801: result: yes
configure:9059: checking for objdir
configure:9075: result: .libs
configure:9339: checking if gcc supports -fno-rtti -fno-exceptions
configure:9358: gcc -c  -O3  -DNDEBUG -I/Users/runner/_work/imagingsuite/imagingsuite/Cache/p/b/libic325eb370bbcc7/p/include -I/Users/runner/_work/imagingsuite/imagingsuite/Cache/p/b/zlib7a1ac1cced6ad/p/include -fno-rtti -fno-exceptions conftest.c >&5
configure:9362: $? = 0
configure:9375: result: yes
configure:9739: checking for gcc option to produce PIC
configure:9747: result: -fno-common -DPIC
configure:9755: checking if gcc PIC flag -fno-common -DPIC works
configure:9774: gcc -c  -O3  -DNDEBUG -I/Users/runner/_work/imagingsuite/imagingsuite/Cache/p/b/libic325eb370bbcc7/p/include -I/Users/runner/_work/imagingsuite/imagingsuite/Cache/p/b/zlib7a1ac1cced6ad/p/include -fno-common -DPIC -DPIC conftest.c >&5
configure:9778: $? = 0
configure:9791: result: yes
configure:9820: checking if gcc static flag -static works
configure:9849: result: no
configure:9864: checking if gcc supports -c -o file.o
configure:9886: gcc -c  -O3  -DNDEBUG -I/Users/runner/_work/imagingsuite/imagingsuite/Cache/p/b/libic325eb370bbcc7/p/include -I/Users/runner/_work/imagingsuite/imagingsuite/Cache/p/b/zlib7a1ac1cced6ad/p/include -o out/conftest2.o conftest.c >&5
configure:9890: $? = 0
configure:9912: result: yes
configure:9920: checking if gcc supports -c -o file.o
configure:9968: result: yes
configure:10001: checking whether the gcc linker (/Applications/Xcode_15.0.1.app/Contents/Developer/Toolchains/XcodeDefault.xctoolchain/usr/bin/ld) supports shared libraries
configure:11271: result: yes
configure:11512: checking dynamic linker characteristics
configure:12345: result: darwin23.3.0 dyld
configure:12467: checking how to hardcode library paths into programs
configure:12492: result: immediate
configure:13044: checking whether stripping libraries is possible
configure:13058: result: yes
configure:13084: checking if libtool supports shared libraries
configure:13086: result: yes
configure:13089: checking whether to build shared libraries
configure:13114: result: yes
configure:13117: checking whether to build static libraries
configure:13121: result: no
configure:13708: checking for stdint.h
configure:13708: result: yes
configure:13714: checking for inttypes.h
configure:13714: result: yes
configure:13721: checking for fcntl.h
configure:13721: gcc -c  -O3  -DNDEBUG -I/Users/runner/_work/imagingsuite/imagingsuite/Cache/p/b/libic325eb370bbcc7/p/include -I/Users/runner/_work/imagingsuite/imagingsuite/Cache/p/b/zlib7a1ac1cced6ad/p/include conftest.c >&5
configure:13721: $? = 0
configure:13721: result: yes
configure:13727: checking for unistd.h
configure:13727: result: yes
configure:13733: checking for sys/stat.h
configure:13733: result: yes
configure:13740: checking for sys/mman.h
configure:13740: gcc -c  -O3  -DNDEBUG -I/Users/runner/_work/imagingsuite/imagingsuite/Cache/p/b/libic325eb370bbcc7/p/include -I/Users/runner/_work/imagingsuite/imagingsuite/Cache/p/b/zlib7a1ac1cced6ad/p/include conftest.c >&5
configure:13740: $? = 0
configure:13740: result: yes
configure:13747: checking for sys/socket.h
configure:13747: gcc -c  -O3  -DNDEBUG -I/Users/runner/_work/imagingsuite/imagingsuite/Cache/p/b/libic325eb370bbcc7/p/include -I/Users/runner/_work/imagingsuite/imagingsuite/Cache/p/b/zlib7a1ac1cced6ad/p/include conftest.c >&5
configure:13747: $? = 0
configure:13747: result: yes
configure:13753: checking for netinet/in.h
configure:13753: gcc -c  -O3  -DNDEBUG -I/Users/runner/_work/imagingsuite/imagingsuite/Cache/p/b/libic325eb370bbcc7/p/include -I/Users/runner/_work/imagingsuite/imagingsuite/Cache/p/b/zlib7a1ac1cced6ad/p/include conftest.c >&5
configure:13753: $? = 0
configure:13753: result: yes
configure:13759: checking for arpa/inet.h
configure:13759: gcc -c  -O3  -DNDEBUG -I/Users/runner/_work/imagingsuite/imagingsuite/Cache/p/b/libic325eb370bbcc7/p/include -I/Users/runner/_work/imagingsuite/imagingsuite/Cache/p/b/zlib7a1ac1cced6ad/p/include conftest.c >&5
configure:13759: $? = 0
configure:13759: result: yes
configure:13765: checking for netdb.h
configure:13765: gcc -c  -O3  -DNDEBUG -I/Users/runner/_work/imagingsuite/imagingsuite/Cache/p/b/libic325eb370bbcc7/p/include -I/Users/runner/_work/imagingsuite/imagingsuite/Cache/p/b/zlib7a1ac1cced6ad/p/include conftest.c >&5
configure:13765: $? = 0
configure:13765: result: yes
configure:13772: checking for sys/select.h
configure:13772: gcc -c  -O3  -DNDEBUG -I/Users/runner/_work/imagingsuite/imagingsuite/Cache/p/b/libic325eb370bbcc7/p/include -I/Users/runner/_work/imagingsuite/imagingsuite/Cache/p/b/zlib7a1ac1cced6ad/p/include conftest.c >&5
configure:13772: $? = 0
configure:13772: result: yes
configure:13778: checking for poll.h
configure:13778: gcc -c  -O3  -DNDEBUG -I/Users/runner/_work/imagingsuite/imagingsuite/Cache/p/b/libic325eb370bbcc7/p/include -I/Users/runner/_work/imagingsuite/imagingsuite/Cache/p/b/zlib7a1ac1cced6ad/p/include conftest.c >&5
configure:13778: $? = 0
configure:13778: result: yes
configure:13785: checking for sys/time.h
configure:13785: gcc -c  -O3  -DNDEBUG -I/Users/runner/_work/imagingsuite/imagingsuite/Cache/p/b/libic325eb370bbcc7/p/include -I/Users/runner/_work/imagingsuite/imagingsuite/Cache/p/b/zlib7a1ac1cced6ad/p/include conftest.c >&5
configure:13785: $? = 0
configure:13785: result: yes
configure:13791: checking for sys/timeb.h
configure:13791: gcc -c  -O3  -DNDEBUG -I/Users/runner/_work/imagingsuite/imagingsuite/Cache/p/b/libic325eb370bbcc7/p/include -I/Users/runner/_work/imagingsuite/imagingsuite/Cache/p/b/zlib7a1ac1cced6ad/p/include conftest.c >&5
configure:13791: $? = 0
configure:13791: result: yes
configure:13798: checking for dl.h
configure:13798: gcc -c  -O3  -DNDEBUG -I/Users/runner/_work/imagingsuite/imagingsuite/Cache/p/b/libic325eb370bbcc7/p/include -I/Users/runner/_work/imagingsuite/imagingsuite/Cache/p/b/zlib7a1ac1cced6ad/p/include conftest.c >&5
conftest.c:65:10: fatal error: 'dl.h' file not found
#include <dl.h>
         ^~~~~~
1 error generated.
configure:13798: $? = 1
configure: failed program was:
| /* confdefs.h */
| #define PACKAGE_NAME "libxml2"
| #define PACKAGE_TARNAME "libxml2"
| #define PACKAGE_VERSION "2.12.4"
| #define PACKAGE_STRING "libxml2 2.12.4"
| #define PACKAGE_BUGREPORT ""
| #define PACKAGE_URL ""
| #define PACKAGE "libxml2"
| #define VERSION "2.12.4"
| #define HAVE_STDIO_H 1
| #define HAVE_STDLIB_H 1
| #define HAVE_STRING_H 1
| #define HAVE_INTTYPES_H 1
| #define HAVE_STDINT_H 1
| #define HAVE_STRINGS_H 1
| #define HAVE_SYS_STAT_H 1
| #define HAVE_SYS_TYPES_H 1
| #define HAVE_UNISTD_H 1
| #define STDC_HEADERS 1
| #define HAVE_DLFCN_H 1
| #define LT_OBJDIR ".libs/"
| #define HAVE_STDINT_H 1
| #define HAVE_INTTYPES_H 1
| #define HAVE_FCNTL_H 1
| #define HAVE_UNISTD_H 1
| #define HAVE_SYS_STAT_H 1
| #define HAVE_SYS_MMAN_H 1
| #define HAVE_SYS_SOCKET_H 1
| #define HAVE_NETINET_IN_H 1
| #define HAVE_ARPA_INET_H 1
| #define HAVE_NETDB_H 1
| #define HAVE_SYS_SELECT_H 1
| #define HAVE_POLL_H 1
| #define HAVE_SYS_TIME_H 1
| #define HAVE_SYS_TIMEB_H 1
| /* end confdefs.h.  */
| #include <stddef.h>
| #ifdef HAVE_STDIO_H
| # include <stdio.h>
| #endif
| #ifdef HAVE_STDLIB_H
| # include <stdlib.h>
| #endif
| #ifdef HAVE_STRING_H
| # include <string.h>
| #endif
| #ifdef HAVE_INTTYPES_H
| # include <inttypes.h>
| #endif
| #ifdef HAVE_STDINT_H
| # include <stdint.h>
| #endif
| #ifdef HAVE_STRINGS_H
| # include <strings.h>
| #endif
| #ifdef HAVE_SYS_TYPES_H
| # include <sys/types.h>
| #endif
| #ifdef HAVE_SYS_STAT_H
| # include <sys/stat.h>
| #endif
| #ifdef HAVE_UNISTD_H
| # include <unistd.h>
| #endif
| #include <dl.h>
configure:13798: result: no
configure:13804: checking for dlfcn.h
configure:13804: result: yes
configure:13811: checking for glob.h
configure:13811: gcc -c  -O3  -DNDEBUG -I/Users/runner/_work/imagingsuite/imagingsuite/Cache/p/b/libic325eb370bbcc7/p/include -I/Users/runner/_work/imagingsuite/imagingsuite/Cache/p/b/zlib7a1ac1cced6ad/p/include conftest.c >&5
configure:13811: $? = 0
configure:13811: result: yes
configure:13827: checking for uint32_t
configure:13827: gcc -c  -O3  -DNDEBUG -I/Users/runner/_work/imagingsuite/imagingsuite/Cache/p/b/libic325eb370bbcc7/p/include -I/Users/runner/_work/imagingsuite/imagingsuite/Cache/p/b/zlib7a1ac1cced6ad/p/include conftest.c >&5
configure:13827: $? = 0
configure:13827: result: yes
configure:13840: checking for gettimeofday
configure:13840: gcc -o conftest  -O3  -DNDEBUG -I/Users/runner/_work/imagingsuite/imagingsuite/Cache/p/b/libic325eb370bbcc7/p/include -I/Users/runner/_work/imagingsuite/imagingsuite/Cache/p/b/zlib7a1ac1cced6ad/p/include  -L/Users/runner/_work/imagingsuite/imagingsuite/Cache/p/b/libic325eb370bbcc7/p/lib -L/Users/runner/_work/imagingsuite/imagingsuite/Cache/p/b/zlib7a1ac1cced6ad/p/lib -Wl,-rpath -Wl,/Users/runner/_work/imagingsuite/imagingsuite/Cache/p/b/libic325eb370bbcc7/p/lib -Wl,-rpath -Wl,/Users/runner/_work/imagingsuite/imagingsuite/Cache/p/b/zlib7a1ac1cced6ad/p/lib conftest.c  -liconv -lcharset -lz >&5
configure:13840: $? = 0
configure:13840: result: yes
configure:13846: checking for ftime
configure:13846: gcc -o conftest  -O3  -DNDEBUG -I/Users/runner/_work/imagingsuite/imagingsuite/Cache/p/b/libic325eb370bbcc7/p/include -I/Users/runner/_work/imagingsuite/imagingsuite/Cache/p/b/zlib7a1ac1cced6ad/p/include  -L/Users/runner/_work/imagingsuite/imagingsuite/Cache/p/b/libic325eb370bbcc7/p/lib -L/Users/runner/_work/imagingsuite/imagingsuite/Cache/p/b/zlib7a1ac1cced6ad/p/lib -Wl,-rpath -Wl,/Users/runner/_work/imagingsuite/imagingsuite/Cache/p/b/libic325eb370bbcc7/p/lib -Wl,-rpath -Wl,/Users/runner/_work/imagingsuite/imagingsuite/Cache/p/b/zlib7a1ac1cced6ad/p/lib conftest.c  -liconv -lcharset -lz >&5
configure:13846: $? = 0
configure:13846: result: yes
configure:13852: checking for stat
configure:13852: gcc -o conftest  -O3  -DNDEBUG -I/Users/runner/_work/imagingsuite/imagingsuite/Cache/p/b/libic325eb370bbcc7/p/include -I/Users/runner/_work/imagingsuite/imagingsuite/Cache/p/b/zlib7a1ac1cced6ad/p/include  -L/Users/runner/_work/imagingsuite/imagingsuite/Cache/p/b/libic325eb370bbcc7/p/lib -L/Users/runner/_work/imagingsuite/imagingsuite/Cache/p/b/zlib7a1ac1cced6ad/p/lib -Wl,-rpath -Wl,/Users/runner/_work/imagingsuite/imagingsuite/Cache/p/b/libic325eb370bbcc7/p/lib -Wl,-rpath -Wl,/Users/runner/_work/imagingsuite/imagingsuite/Cache/p/b/zlib7a1ac1cced6ad/p/lib conftest.c  -liconv -lcharset -lz >&5
configure:13852: $? = 0
configure:13852: result: yes
configure:13858: checking for isascii
configure:13858: gcc -o conftest  -O3  -DNDEBUG -I/Users/runner/_work/imagingsuite/imagingsuite/Cache/p/b/libic325eb370bbcc7/p/include -I/Users/runner/_work/imagingsuite/imagingsuite/Cache/p/b/zlib7a1ac1cced6ad/p/include  -L/Users/runner/_work/imagingsuite/imagingsuite/Cache/p/b/libic325eb370bbcc7/p/lib -L/Users/runner/_work/imagingsuite/imagingsuite/Cache/p/b/zlib7a1ac1cced6ad/p/lib -Wl,-rpath -Wl,/Users/runner/_work/imagingsuite/imagingsuite/Cache/p/b/libic325eb370bbcc7/p/lib -Wl,-rpath -Wl,/Users/runner/_work/imagingsuite/imagingsuite/Cache/p/b/zlib7a1ac1cced6ad/p/lib conftest.c  -liconv -lcharset -lz >&5
configure:13858: $? = 0
configure:13858: result: yes
configure:13864: checking for mmap
configure:13864: gcc -o conftest  -O3  -DNDEBUG -I/Users/runner/_work/imagingsuite/imagingsuite/Cache/p/b/libic325eb370bbcc7/p/include -I/Users/runner/_work/imagingsuite/imagingsuite/Cache/p/b/zlib7a1ac1cced6ad/p/include  -L/Users/runner/_work/imagingsuite/imagingsuite/Cache/p/b/libic325eb370bbcc7/p/lib -L/Users/runner/_work/imagingsuite/imagingsuite/Cache/p/b/zlib7a1ac1cced6ad/p/lib -Wl,-rpath -Wl,/Users/runner/_work/imagingsuite/imagingsuite/Cache/p/b/libic325eb370bbcc7/p/lib -Wl,-rpath -Wl,/Users/runner/_work/imagingsuite/imagingsuite/Cache/p/b/zlib7a1ac1cced6ad/p/lib conftest.c  -liconv -lcharset -lz >&5
configure:13864: $? = 0
configure:13864: result: yes
configure:13870: checking for munmap
configure:13870: gcc -o conftest  -O3  -DNDEBUG -I/Users/runner/_work/imagingsuite/imagingsuite/Cache/p/b/libic325eb370bbcc7/p/include -I/Users/runner/_work/imagingsuite/imagingsuite/Cache/p/b/zlib7a1ac1cced6ad/p/include  -L/Users/runner/_work/imagingsuite/imagingsuite/Cache/p/b/libic325eb370bbcc7/p/lib -L/Users/runner/_work/imagingsuite/imagingsuite/Cache/p/b/zlib7a1ac1cced6ad/p/lib -Wl,-rpath -Wl,/Users/runner/_work/imagingsuite/imagingsuite/Cache/p/b/libic325eb370bbcc7/p/lib -Wl,-rpath -Wl,/Users/runner/_work/imagingsuite/imagingsuite/Cache/p/b/zlib7a1ac1cced6ad/p/lib conftest.c  -liconv -lcharset -lz >&5
configure:13870: $? = 0
configure:13870: result: yes
configure:13880: checking for va_copy
configure:13894: gcc -o conftest  -O3  -DNDEBUG -I/Users/runner/_work/imagingsuite/imagingsuite/Cache/p/b/libic325eb370bbcc7/p/include -I/Users/runner/_work/imagingsuite/imagingsuite/Cache/p/b/zlib7a1ac1cced6ad/p/include  -L/Users/runner/_work/imagingsuite/imagingsuite/Cache/p/b/libic325eb370bbcc7/p/lib -L/Users/runner/_work/imagingsuite/imagingsuite/Cache/p/b/zlib7a1ac1cced6ad/p/lib -Wl,-rpath -Wl,/Users/runner/_work/imagingsuite/imagingsuite/Cache/p/b/libic325eb370bbcc7/p/lib -Wl,-rpath -Wl,/Users/runner/_work/imagingsuite/imagingsuite/Cache/p/b/zlib7a1ac1cced6ad/p/lib conftest.c  -liconv -lcharset -lz >&5
configure:13894: $? = 0
configure:13902: result: yes
configure:13940: checking whether va_list is an array type
configure:13953: gcc -c  -O3  -DNDEBUG -I/Users/runner/_work/imagingsuite/imagingsuite/Cache/p/b/libic325eb370bbcc7/p/include -I/Users/runner/_work/imagingsuite/imagingsuite/Cache/p/b/zlib7a1ac1cced6ad/p/include conftest.c >&5
configure:13956: result: no
configure:13978: checking for library containing gethostbyname
configure:14008: gcc -o conftest  -O3  -DNDEBUG -I/Users/runner/_work/imagingsuite/imagingsuite/Cache/p/b/libic325eb370bbcc7/p/include -I/Users/runner/_work/imagingsuite/imagingsuite/Cache/p/b/zlib7a1ac1cced6ad/p/include  -L/Users/runner/_work/imagingsuite/imagingsuite/Cache/p/b/libic325eb370bbcc7/p/lib -L/Users/runner/_work/imagingsuite/imagingsuite/Cache/p/b/zlib7a1ac1cced6ad/p/lib -Wl,-rpath -Wl,/Users/runner/_work/imagingsuite/imagingsuite/Cache/p/b/libic325eb370bbcc7/p/lib -Wl,-rpath -Wl,/Users/runner/_work/imagingsuite/imagingsuite/Cache/p/b/zlib7a1ac1cced6ad/p/lib conftest.c  -liconv -lcharset -lz >&5
configure:14008: $? = 0
configure:14028: result: none required
configure:14042: checking for library containing connect
configure:14072: gcc -o conftest  -O3  -DNDEBUG -I/Users/runner/_work/imagingsuite/imagingsuite/Cache/p/b/libic325eb370bbcc7/p/include -I/Users/runner/_work/imagingsuite/imagingsuite/Cache/p/b/zlib7a1ac1cced6ad/p/include  -L/Users/runner/_work/imagingsuite/imagingsuite/Cache/p/b/libic325eb370bbcc7/p/lib -L/Users/runner/_work/imagingsuite/imagingsuite/Cache/p/b/zlib7a1ac1cced6ad/p/lib -Wl,-rpath -Wl,/Users/runner/_work/imagingsuite/imagingsuite/Cache/p/b/libic325eb370bbcc7/p/lib -Wl,-rpath -Wl,/Users/runner/_work/imagingsuite/imagingsuite/Cache/p/b/zlib7a1ac1cced6ad/p/lib conftest.c  -liconv -lcharset -lz >&5
configure:14072: $? = 0
configure:14092: result: none required
configure:14110: checking for type of socket length (socklen_t)
configure:14127: gcc -c  -O3  -DNDEBUG -I/Users/runner/_work/imagingsuite/imagingsuite/Cache/p/b/libic325eb370bbcc7/p/include -I/Users/runner/_work/imagingsuite/imagingsuite/Cache/p/b/zlib7a1ac1cced6ad/p/include conftest.c >&5
configure:14130: result: socklen_t *
configure:14208: checking whether to enable IPv6
configure:14234: gcc -c  -O3  -DNDEBUG -I/Users/runner/_work/imagingsuite/imagingsuite/Cache/p/b/libic325eb370bbcc7/p/include -I/Users/runner/_work/imagingsuite/imagingsuite/Cache/p/b/zlib7a1ac1cced6ad/p/include conftest.c >&5
configure:14234: $? = 0
configure:14240: result: yes
configure:14305: checking whether __attribute__((destructor)) is accepted
configure:14317: gcc -c  -O3  -DNDEBUG -I/Users/runner/_work/imagingsuite/imagingsuite/Cache/p/b/libic325eb370bbcc7/p/include -I/Users/runner/_work/imagingsuite/imagingsuite/Cache/p/b/zlib7a1ac1cced6ad/p/include conftest.c >&5
configure:14320: result: yes
configure:15375: checking for library containing dlopen
configure:15405: gcc -o conftest  -O3  -DNDEBUG -I/Users/runner/_work/imagingsuite/imagingsuite/Cache/p/b/libic325eb370bbcc7/p/include -I/Users/runner/_work/imagingsuite/imagingsuite/Cache/p/b/zlib7a1ac1cced6ad/p/include  -L/Users/runner/_work/imagingsuite/imagingsuite/Cache/p/b/libic325eb370bbcc7/p/lib -L/Users/runner/_work/imagingsuite/imagingsuite/Cache/p/b/zlib7a1ac1cced6ad/p/lib -Wl,-rpath -Wl,/Users/runner/_work/imagingsuite/imagingsuite/Cache/p/b/libic325eb370bbcc7/p/lib -Wl,-rpath -Wl,/Users/runner/_work/imagingsuite/imagingsuite/Cache/p/b/zlib7a1ac1cced6ad/p/lib conftest.c  -liconv -lcharset -lz >&5
configure:15405: $? = 0
configure:15425: result: none required
configure:15558: checking for pthread.h
configure:15558: gcc -c  -O3  -DNDEBUG -I/Users/runner/_work/imagingsuite/imagingsuite/Cache/p/b/libic325eb370bbcc7/p/include -I/Users/runner/_work/imagingsuite/imagingsuite/Cache/p/b/zlib7a1ac1cced6ad/p/include conftest.c >&5
configure:15558: $? = 0
configure:15558: result: yes
configure:15562: checking for library containing pthread_join
configure:15592: gcc -o conftest  -O3  -DNDEBUG -I/Users/runner/_work/imagingsuite/imagingsuite/Cache/p/b/libic325eb370bbcc7/p/include -I/Users/runner/_work/imagingsuite/imagingsuite/Cache/p/b/zlib7a1ac1cced6ad/p/include  -L/Users/runner/_work/imagingsuite/imagingsuite/Cache/p/b/libic325eb370bbcc7/p/lib -L/Users/runner/_work/imagingsuite/imagingsuite/Cache/p/b/zlib7a1ac1cced6ad/p/lib -Wl,-rpath -Wl,/Users/runner/_work/imagingsuite/imagingsuite/Cache/p/b/libic325eb370bbcc7/p/lib -Wl,-rpath -Wl,/Users/runner/_work/imagingsuite/imagingsuite/Cache/p/b/zlib7a1ac1cced6ad/p/lib conftest.c  -liconv -lcharset -lz >&5
configure:15592: $? = 0
configure:15612: result: none required
configure:15840: checking for Z
configure:15847: $PKG_CONFIG --exists --print-errors "zlib"
configure:15850: $? = 0
configure:15864: $PKG_CONFIG --exists --print-errors "zlib"
configure:15867: $? = 0
configure:15905: result: yes
configure:16172: checking for libiconv
configure:16187: gcc -o conftest  -O3  -DNDEBUG -I/Users/runner/_work/imagingsuite/imagingsuite/Cache/p/b/libic325eb370bbcc7/p/include -I/Users/runner/_work/imagingsuite/imagingsuite/Cache/p/b/zlib7a1ac1cced6ad/p/include  -L/Users/runner/_work/imagingsuite/imagingsuite/Cache/p/b/libic325eb370bbcc7/p/lib -L/Users/runner/_work/imagingsuite/imagingsuite/Cache/p/b/zlib7a1ac1cced6ad/p/lib -Wl,-rpath -Wl,/Users/runner/_work/imagingsuite/imagingsuite/Cache/p/b/libic325eb370bbcc7/p/lib -Wl,-rpath -Wl,/Users/runner/_work/imagingsuite/imagingsuite/Cache/p/b/zlib7a1ac1cced6ad/p/lib conftest.c  -liconv -lcharset -lz >&5
conftest.c:51:9: warning: 'HAVE_PTHREAD_H' macro redefined [-Wmacro-redefined]
#define HAVE_PTHREAD_H /**/
        ^
conftest.c:50:9: note: previous definition is here
#define HAVE_PTHREAD_H 1
        ^
1 warning generated.
configure:16187: $? = 0
configure:16191: result: none required
configure:16597: checking that generated files are newer than configure
configure:16603: result: done
configure:16730: creating ./config.status

## ---------------------- ##
## Running config.status. ##
## ---------------------- ##

This file was extended by libxml2 config.status 2.12.4, which was
generated by GNU Autoconf 2.71.  Invocation command line was

  CONFIG_FILES    = 
  CONFIG_HEADERS  = 
  CONFIG_LINKS    = 
  CONFIG_COMMANDS = 
  $ ./config.status 

on Mac-1712747880081.local

config.status:1272: creating Makefile
config.status:1272: creating include/Makefile
config.status:1272: creating include/libxml/Makefile
config.status:1272: creating include/private/Makefile
config.status:1272: creating doc/Makefile
config.status:1272: creating doc/examples/Makefile
config.status:1272: creating doc/devhelp/Makefile
config.status:1272: creating example/Makefile
config.status:1272: creating fuzz/Makefile
config.status:1272: creating python/Makefile
config.status:1272: creating python/tests/Makefile
config.status:1272: creating xstc/Makefile
config.status:1272: creating include/libxml/xmlversion.h
config.status:1272: creating libxml-2.0.pc
config.status:1272: creating libxml-2.0-uninstalled.pc
config.status:1272: creating libxml2-config.cmake
config.status:1272: creating python/setup.py
config.status:1272: creating xml2-config
config.status:1272: creating config.h
config.status:1486: executing depfiles commands
config.status:1563: cd .       && sed -e '/# am--include-marker/d' Makefile         | make -f - am--depfiles
config.status:1568: $? = 0
config.status:1563: cd doc/examples       && sed -e '/# am--include-marker/d' Makefile         | make -f - am--depfiles
config.status:1568: $? = 0
config.status:1563: cd example       && sed -e '/# am--include-marker/d' Makefile         | make -f - am--depfiles
config.status:1568: $? = 0
config.status:1563: cd fuzz       && sed -e '/# am--include-marker/d' Makefile         | make -f - am--depfiles
config.status:1568: $? = 0
config.status:1563: cd python       && sed -e '/# am--include-marker/d' Makefile         | make -f - am--depfiles
config.status:1568: $? = 0
config.status:1486: executing libtool commands

## ---------------- ##
## Cache variables. ##
## ---------------- ##

ac_cv_build=aarch64-apple-darwin23.3.0
ac_cv_c_compiler_gnu=yes
ac_cv_c_uint32_t=yes
ac_cv_env_CC_set=
ac_cv_env_CC_value=
ac_cv_env_CFLAGS_set=set
ac_cv_env_CFLAGS_value=' -O3'
ac_cv_env_CPPFLAGS_set=set
ac_cv_env_CPPFLAGS_value=' -DNDEBUG -I/Users/runner/_work/imagingsuite/imagingsuite/Cache/p/b/libic325eb370bbcc7/p/include -I/Users/runner/_work/imagingsuite/imagingsuite/Cache/p/b/zlib7a1ac1cced6ad/p/include'
ac_cv_env_ICU_CFLAGS_set=
ac_cv_env_ICU_CFLAGS_value=
ac_cv_env_ICU_DEFS_set=
ac_cv_env_ICU_DEFS_value=
ac_cv_env_ICU_LIBS_set=
ac_cv_env_ICU_LIBS_value=
ac_cv_env_LDFLAGS_set=set
ac_cv_env_LDFLAGS_value=' -L/Users/runner/_work/imagingsuite/imagingsuite/Cache/p/b/libic325eb370bbcc7/p/lib -L/Users/runner/_work/imagingsuite/imagingsuite/Cache/p/b/zlib7a1ac1cced6ad/p/lib -Wl,-rpath -Wl,/Users/runner/_work/imagingsuite/imagingsuite/Cache/p/b/libic325eb370bbcc7/p/lib -Wl,-rpath -Wl,/Users/runner/_work/imagingsuite/imagingsuite/Cache/p/b/zlib7a1ac1cced6ad/p/lib'
ac_cv_env_LIBS_set=set
ac_cv_env_LIBS_value=' -liconv -lcharset -lz'
ac_cv_env_LT_SYS_LIBRARY_PATH_set=
ac_cv_env_LT_SYS_LIBRARY_PATH_value=
ac_cv_env_LZMA_CFLAGS_set=
ac_cv_env_LZMA_CFLAGS_value=
ac_cv_env_LZMA_LIBS_set=
ac_cv_env_LZMA_LIBS_value=
ac_cv_env_PKG_CONFIG_LIBDIR_set=
ac_cv_env_PKG_CONFIG_LIBDIR_value=
ac_cv_env_PKG_CONFIG_PATH_set=set
ac_cv_env_PKG_CONFIG_PATH_value=/Users/runner/_work/imagingsuite/imagingsuite/Cache/p/b/libxm4ac999b956cb7/b/build-release/conan/../../build-release/conan:/Users/runner/hostedtoolcache/Python/3.11.8/arm64/lib/pkgconfig:/Users/runner/_work/imagingsuite/imagingsuite/Qt/6.2.4/macos/lib/pkgconfig
ac_cv_env_PKG_CONFIG_set=set
ac_cv_env_PKG_CONFIG_value=/Users/runner/_work/imagingsuite/imagingsuite/Cache/p/pkgco45f0cec3e078a/p/bin/pkgconf
ac_cv_env_PYTHON_CFLAGS_set=
ac_cv_env_PYTHON_CFLAGS_value=
ac_cv_env_PYTHON_LIBS_set=
ac_cv_env_PYTHON_LIBS_value=
ac_cv_env_PYTHON_set=
ac_cv_env_PYTHON_value=
ac_cv_env_Z_CFLAGS_set=
ac_cv_env_Z_CFLAGS_value=
ac_cv_env_Z_LIBS_set=
ac_cv_env_Z_LIBS_value=
ac_cv_env_build_alias_set=
ac_cv_env_build_alias_value=
ac_cv_env_host_alias_set=
ac_cv_env_host_alias_value=
ac_cv_env_target_alias_set=
ac_cv_env_target_alias_value=
ac_cv_func_ftime=yes
ac_cv_func_gettimeofday=yes
ac_cv_func_isascii=yes
ac_cv_func_mmap=yes
ac_cv_func_munmap=yes
ac_cv_func_stat=yes
ac_cv_header_arpa_inet_h=yes
ac_cv_header_dl_h=no
ac_cv_header_dlfcn_h=yes
ac_cv_header_fcntl_h=yes
ac_cv_header_glob_h=yes
ac_cv_header_inttypes_h=yes
ac_cv_header_netdb_h=yes
ac_cv_header_netinet_in_h=yes
ac_cv_header_poll_h=yes
ac_cv_header_pthread_h=yes
ac_cv_header_stdint_h=yes
ac_cv_header_stdio_h=yes
ac_cv_header_stdlib_h=yes
ac_cv_header_string_h=yes
ac_cv_header_strings_h=yes
ac_cv_header_sys_mman_h=yes
ac_cv_header_sys_select_h=yes
ac_cv_header_sys_socket_h=yes
ac_cv_header_sys_stat_h=yes
ac_cv_header_sys_time_h=yes
ac_cv_header_sys_timeb_h=yes
ac_cv_header_sys_types_h=yes
ac_cv_header_unistd_h=yes
ac_cv_host=aarch64-apple-darwin23.3.0
ac_cv_objext=o
ac_cv_path_EGREP='/usr/bin/grep -E'
ac_cv_path_FGREP='/usr/bin/grep -F'
ac_cv_path_GREP=/usr/bin/grep
ac_cv_path_PERL=/opt/homebrew/bin/perl
ac_cv_path_SED=/usr/bin/sed
ac_cv_path_TAR=/usr/bin/tar
ac_cv_path_WGET=/opt/homebrew/bin/wget
ac_cv_path_XSLTPROC=/usr/bin/xsltproc
ac_cv_path_install='/usr/bin/install -c'
ac_cv_path_lt_DD=/bin/dd
ac_cv_prog_AWK=awk
ac_cv_prog_ac_ct_AR=ar
ac_cv_prog_ac_ct_CC=gcc
ac_cv_prog_ac_ct_DSYMUTIL=dsymutil
ac_cv_prog_ac_ct_LIPO=lipo
ac_cv_prog_ac_ct_NMEDIT=nmedit
ac_cv_prog_ac_ct_OBJDUMP=objdump
ac_cv_prog_ac_ct_OTOOL=otool
ac_cv_prog_ac_ct_RANLIB=ranlib
ac_cv_prog_ac_ct_STRIP=strip
ac_cv_prog_cc_c11=
ac_cv_prog_cc_g=yes
ac_cv_prog_cc_stdc=
ac_cv_prog_make_make_set=yes
ac_cv_search_connect='none required'
ac_cv_search_dlopen='none required'
ac_cv_search_gethostbyname='none required'
ac_cv_search_pthread_join='none required'
am_cv_CC_dependencies_compiler_type=gcc3
am_cv_make_support_nested_variables=yes
am_cv_prog_cc_c_o=yes
lt_cv_apple_cc_single_mod=no
lt_cv_ar_at_file=no
lt_cv_deplibs_check_method=pass_all
lt_cv_file_magic_cmd='$MAGIC_CMD'
lt_cv_file_magic_test_file=
lt_cv_ld_exported_symbols_list=yes
lt_cv_ld_force_load=yes
lt_cv_ld_reload_flag=-r
lt_cv_nm_interface='BSD nm'
lt_cv_objdir=.libs
lt_cv_path_LD=/Applications/Xcode_15.0.1.app/Contents/Developer/Toolchains/XcodeDefault.xctoolchain/usr/bin/ld
lt_cv_path_NM='/usr/bin/nm -B'
lt_cv_path_mainfest_tool=no
lt_cv_prog_compiler_c_o=yes
lt_cv_prog_compiler_pic='-fno-common -DPIC'
lt_cv_prog_compiler_pic_works=yes
lt_cv_prog_compiler_rtti_exceptions=yes
lt_cv_prog_compiler_static_works=no
lt_cv_prog_gnu_ld=no
lt_cv_sharedlib_from_linklib_cmd='printf %s\n'
lt_cv_sys_global_symbol_pipe='sed -n -e '\''s/^.*[	 ]\([ABCDGIRSTW][ABCDGIRSTW]*\)[	 ][	 ]*_\([_A-Za-z][_A-Za-z0-9]*\)$/\1 _\2 \2/p'\'' | sed '\''/ __gnu_lto/d'\'''
lt_cv_sys_global_symbol_to_c_name_address='sed -n -e '\''s/^: \(.*\) .*$/  {"\1", (void *) 0},/p'\'' -e '\''s/^[ABCDGIRSTW][ABCDGIRSTW]* .* \(.*\)$/  {"\1", (void *) \&\1},/p'\'''
lt_cv_sys_global_symbol_to_c_name_address_lib_prefix='sed -n -e '\''s/^: \(.*\) .*$/  {"\1", (void *) 0},/p'\'' -e '\''s/^[ABCDGIRSTW][ABCDGIRSTW]* .* \(lib.*\)$/  {"\1", (void *) \&\1},/p'\'' -e '\''s/^[ABCDGIRSTW][ABCDGIRSTW]* .* \(.*\)$/  {"lib\1", (void *) \&\1},/p'\'''
lt_cv_sys_global_symbol_to_cdecl='sed -n -e '\''s/^T .* \(.*\)$/extern int \1();/p'\'' -e '\''s/^[ABCDGIRSTW][ABCDGIRSTW]* .* \(.*\)$/extern char \1;/p'\'''
lt_cv_sys_global_symbol_to_import=
lt_cv_sys_max_cmd_len=786432
lt_cv_to_host_file_cmd=func_convert_file_noop
lt_cv_to_tool_file_cmd=func_convert_file_noop
lt_cv_truncate_bin='/bin/dd bs=4096 count=1'
pkg_cv_Z_CFLAGS=-I/Users/runner/_work/imagingsuite/imagingsuite/Cache/p/b/zlib7a1ac1cced6ad/p/include
pkg_cv_Z_LIBS='-L/Users/runner/_work/imagingsuite/imagingsuite/Cache/p/b/zlib7a1ac1cced6ad/p/lib -lz'

## ----------------- ##
## Output variables. ##
## ----------------- ##

ACLOCAL='${SHELL} '\''/Users/runner/_work/imagingsuite/imagingsuite/Cache/p/b/libxm4ac999b956cb7/b/src/missing'\'' aclocal-1.16'
AMDEPBACKSLASH='\'
AMDEP_FALSE='#'
AMDEP_TRUE=''
AMTAR='$${TAR-tar}'
AM_BACKSLASH='\'
AM_CFLAGS=' -pedantic -Wall -Wextra -Wshadow -Wpointer-arith -Wcast-align -Wwrite-strings -Wstrict-prototypes -Wmissing-prototypes -Wno-long-long -Wno-format-extra-args'
AM_DEFAULT_V='$(AM_DEFAULT_VERBOSITY)'
AM_DEFAULT_VERBOSITY='0'
AM_LDFLAGS=''
AM_V='$(V)'
AR='ar'
AUTOCONF='${SHELL} '\''/Users/runner/_work/imagingsuite/imagingsuite/Cache/p/b/libxm4ac999b956cb7/b/src/missing'\'' autoconf'
AUTOHEADER='${SHELL} '\''/Users/runner/_work/imagingsuite/imagingsuite/Cache/p/b/libxm4ac999b956cb7/b/src/missing'\'' autoheader'
AUTOMAKE='${SHELL} '\''/Users/runner/_work/imagingsuite/imagingsuite/Cache/p/b/libxm4ac999b956cb7/b/src/missing'\'' automake-1.16'
AWK='awk'
BASE_THREAD_LIBS=''
CC='gcc'
CCDEPMODE='depmode=gcc3'
CFLAGS=' -O3'
CPPFLAGS=' -DNDEBUG -I/Users/runner/_work/imagingsuite/imagingsuite/Cache/p/b/libic325eb370bbcc7/p/include -I/Users/runner/_work/imagingsuite/imagingsuite/Cache/p/b/zlib7a1ac1cced6ad/p/include'
CSCOPE='cscope'
CTAGS='ctags'
CYGPATH_W='echo'
DEFS='-DHAVE_CONFIG_H'
DEPDIR='.deps'
DLLTOOL='false'
DSYMUTIL='dsymutil'
DUMPBIN=''
ECHO_C='\c'
ECHO_N=''
ECHO_T=''
EGREP='/usr/bin/grep -E'
ETAGS='etags'
EXEEXT=''
FGREP='/usr/bin/grep -F'
GREP='/usr/bin/grep'
ICONV_CFLAGS=''
ICU_CFLAGS=''
ICU_DEFS=''
ICU_LIBS=''
INSTALL_DATA='${INSTALL} -m 644'
INSTALL_PROGRAM='${INSTALL}'
INSTALL_SCRIPT='${INSTALL}'
INSTALL_STRIP_PROGRAM='$(install_sh) -c -s'
LD='/Applications/Xcode_15.0.1.app/Contents/Developer/Toolchains/XcodeDefault.xctoolchain/usr/bin/ld'
LDFLAGS=' -L/Users/runner/_work/imagingsuite/imagingsuite/Cache/p/b/libic325eb370bbcc7/p/lib -L/Users/runner/_work/imagingsuite/imagingsuite/Cache/p/b/zlib7a1ac1cced6ad/p/lib -Wl,-rpath -Wl,/Users/runner/_work/imagingsuite/imagingsuite/Cache/p/b/libic325eb370bbcc7/p/lib -Wl,-rpath -Wl,/Users/runner/_work/imagingsuite/imagingsuite/Cache/p/b/zlib7a1ac1cced6ad/p/lib'
LIBM=''
LIBOBJS=''
LIBS=' -liconv -lcharset -lz'
LIBTOOL='$(SHELL) $(top_builddir)/libtool'
LIBXML_MAJOR_VERSION='2'
LIBXML_MICRO_VERSION='4'
LIBXML_MINOR_VERSION='12'
LIBXML_VERSION='2.12.4'
LIBXML_VERSION_EXTRA=''
LIBXML_VERSION_INFO='14:4:12'
LIBXML_VERSION_NUMBER='21204'
LIPO='lipo'
LN_S='ln -s'
LTLIBOBJS=''
LT_SYS_LIBRARY_PATH=''
LZMA_CFLAGS=''
LZMA_LIBS=''
Libs.private:'
MAINT=''
MAINTAINER_MODE_FALSE='#'
MAINTAINER_MODE_TRUE=''
MAKEINFO='${SHELL} '\''/Users/runner/_work/imagingsuite/imagingsuite/Cache/p/b/libxm4ac999b956cb7/b/src/missing'\'' makeinfo'
MANIFEST_TOOL=':'
MKDIR_P='/Users/runner/_work/imagingsuite/imagingsuite/Cache/p/b/libxm4ac999b956cb7/b/src/install-sh -c -d'
MODULE_EXTENSION='.so'
MODULE_PLATFORM_LIBS=''
NM='/usr/bin/nm -B'
NMEDIT='nmedit'
OBJDUMP='objdump'
OBJEXT='o'
OTOOL64=':'
OTOOL='otool'
PACKAGE='libxml2'
PACKAGE_BUGREPORT=''
PACKAGE_NAME='libxml2'
PACKAGE_STRING='libxml2 2.12.4'
PACKAGE_TARNAME='libxml2'
PACKAGE_URL=''
PACKAGE_VERSION='2.12.4'
PATH_SEPARATOR=':'
PERL='/opt/homebrew/bin/perl'
PKG_CONFIG='/Users/runner/_work/imagingsuite/imagingsuite/Cache/p/pkgco45f0cec3e078a/p/bin/pkgconf'
PKG_CONFIG_LIBDIR=''
PKG_CONFIG_PATH='/Users/runner/_work/imagingsuite/imagingsuite/Cache/p/b/libxm4ac999b956cb7/b/build-release/conan/../../build-release/conan:/Users/runner/hostedtoolcache/Python/3.11.8/arm64/lib/pkgconfig:/Users/runner/_work/imagingsuite/imagingsuite/Qt/6.2.4/macos/lib/pkgconfig'
PYTHON=''
PYTHON_CFLAGS=''
PYTHON_EXEC_PREFIX=''
PYTHON_LDFLAGS=''
PYTHON_LIBS=''
PYTHON_PLATFORM=''
PYTHON_PREFIX=''
PYTHON_VERSION=''
RANLIB='ranlib'
RDL_CFLAGS=''
RDL_LIBS=''
RELDATE='Wed Apr 10 2024'
SED='/usr/bin/sed'
SET_MAKE=''
SHELL='/bin/sh'
STRIP='strip'
TAR='/usr/bin/tar'
THREAD_CFLAGS=' -D_REENTRANT'
THREAD_LIBS=''
USE_VERSION_SCRIPT_FALSE=''
USE_VERSION_SCRIPT_TRUE='#'
VERSION='2.12.4'
VERSION_SCRIPT_FLAGS=''
WGET='/opt/homebrew/bin/wget'
WITH_C14N='1'
WITH_C14N_SOURCES_FALSE='#'
WITH_C14N_SOURCES_TRUE=''
WITH_CATALOG='1'
WITH_CATALOG_SOURCES_FALSE='#'
WITH_CATALOG_SOURCES_TRUE=''
WITH_DEBUG='1'
WITH_DEBUG_SOURCES_FALSE='#'
WITH_DEBUG_SOURCES_TRUE=''
WITH_FTP='1'
WITH_FTP_SOURCES_FALSE='#'
WITH_FTP_SOURCES_TRUE=''
WITH_GLOB_FALSE='#'
WITH_GLOB_TRUE=''
WITH_HTML='1'
WITH_HTML_SOURCES_FALSE='#'
WITH_HTML_SOURCES_TRUE=''
WITH_HTTP='1'
WITH_HTTP_SOURCES_FALSE='#'
WITH_HTTP_SOURCES_TRUE=''
WITH_ICONV='1'
WITH_ICU='0'
WITH_ISO8859X='1'
WITH_LEGACY='1'
WITH_LEGACY_SOURCES_FALSE='#'
WITH_LEGACY_SOURCES_TRUE=''
WITH_LZMA='0'
WITH_LZMA_SOURCES_FALSE=''
WITH_LZMA_SOURCES_TRUE='#'
WITH_MEM_DEBUG='0'
WITH_MODULES='1'
WITH_MODULES_SOURCES_FALSE='#'
WITH_MODULES_SOURCES_TRUE=''
WITH_OUTPUT='1'
WITH_OUTPUT_SOURCES_FALSE='#'
WITH_OUTPUT_SOURCES_TRUE=''
WITH_PATTERN='1'
WITH_PATTERN_SOURCES_FALSE='#'
WITH_PATTERN_SOURCES_TRUE=''
WITH_PUSH='1'
WITH_PYTHON_FALSE=''
WITH_PYTHON_TRUE='#'
WITH_READER='1'
WITH_READER_SOURCES_FALSE='#'
WITH_READER_SOURCES_TRUE=''
WITH_REGEXPS='1'
WITH_REGEXPS_SOURCES_FALSE='#'
WITH_REGEXPS_SOURCES_TRUE=''
WITH_SAX1='1'
WITH_SAX1_SOURCES_FALSE='#'
WITH_SAX1_SOURCES_TRUE=''
WITH_SCHEMAS='1'
WITH_SCHEMAS_SOURCES_FALSE='#'
WITH_SCHEMAS_SOURCES_TRUE=''
WITH_SCHEMATRON='1'
WITH_SCHEMATRON_SOURCES_FALSE='#'
WITH_SCHEMATRON_SOURCES_TRUE=''
WITH_THREADS='1'
WITH_THREAD_ALLOC='0'
WITH_TREE='1'
WITH_TRIO='0'
WITH_TRIO_SOURCES_FALSE=''
WITH_TRIO_SOURCES_TRUE='#'
WITH_VALID='1'
WITH_VALID_SOURCES_FALSE='#'
WITH_VALID_SOURCES_TRUE=''
WITH_WRITER='1'
WITH_WRITER_SOURCES_FALSE='#'
WITH_WRITER_SOURCES_TRUE=''
WITH_XINCLUDE='1'
WITH_XINCLUDE_SOURCES_FALSE='#'
WITH_XINCLUDE_SOURCES_TRUE=''
WITH_XPATH='1'
WITH_XPATH_SOURCES_FALSE='#'
WITH_XPATH_SOURCES_TRUE=''
WITH_XPTR='1'
WITH_XPTR_LOCS='0'
WITH_XPTR_SOURCES_FALSE='#'
WITH_XPTR_SOURCES_TRUE=''
WITH_ZLIB='1'
XML_CFLAGS=''
XML_INCLUDEDIR='-I${includedir}/libxml2'
XML_LIBDIR='-L${libdir}'
XML_LIBS='-lxml2'
XML_LIBTOOLLIBS='libxml2.la'
XML_PC_LIBS='    '
XML_PC_LIBS_PRIVATE='
XML_PC_PRIVATE='.private'
XML_PC_REQUIRES=' zlib'
XML_PRIVATE_CFLAGS=' -I/Users/runner/_work/imagingsuite/imagingsuite/Cache/p/b/zlib7a1ac1cced6ad/p/include  -D_REENTRANT '
XML_PRIVATE_LIBS=' -L/Users/runner/_work/imagingsuite/imagingsuite/Cache/p/b/zlib7a1ac1cced6ad/p/lib -lz    '
XML_PRIVATE_LIBS_NO_SHARED=''
XSLTPROC='/usr/bin/xsltproc'
Z_CFLAGS='-I/Users/runner/_work/imagingsuite/imagingsuite/Cache/p/b/zlib7a1ac1cced6ad/p/include'
Z_LIBS='-L/Users/runner/_work/imagingsuite/imagingsuite/Cache/p/b/zlib7a1ac1cced6ad/p/lib -lz'
ac_ct_AR='ar'
ac_ct_CC='gcc'
ac_ct_DUMPBIN=''
am__EXEEXT_FALSE=''
am__EXEEXT_TRUE='#'
am__fastdepCC_FALSE='#'
am__fastdepCC_TRUE=''
am__include='include'
am__isrc=' -I$(srcdir)'
am__leading_dot='.'
am__nodep='_no'
am__quote=''
am__tar='$${TAR-tar} chof - "$$tardir"'
am__untar='$${TAR-tar} xf -'
bindir='${prefix}/bin'
build='aarch64-apple-darwin23.3.0'
build_alias=''
build_cpu='aarch64'
build_os='darwin23.3.0'
build_vendor='apple'
datadir='${datarootdir}'
datarootdir='${prefix}/share'
docdir='${datarootdir}/doc/${PACKAGE_TARNAME}'
dvidir='${docdir}'
exec_prefix='${prefix}'
host='aarch64-apple-darwin23.3.0'
host_alias=''
host_cpu='aarch64'
host_os='darwin23.3.0'
host_vendor='apple'
htmldir='${docdir}'
includedir='${prefix}/include'
infodir='${datarootdir}/info'
install_sh='${SHELL} /Users/runner/_work/imagingsuite/imagingsuite/Cache/p/b/libxm4ac999b956cb7/b/src/install-sh'
libdir='${prefix}/lib'
libexecdir='${exec_prefix}/libexec'
localedir='${datarootdir}/locale'
localstatedir='${prefix}/var'
mandir='${datarootdir}/man'
mkdir_p='$(MKDIR_P)'
oldincludedir='${prefix}/include'
pdfdir='${docdir}'
pkgpyexecdir=''
pkgpythondir=''
prefix='/'
program_transform_name='s,x,x,'
psdir='${docdir}'
pyexecdir=''
pythondir=''
runstatedir='${localstatedir}/run'
sbindir='${prefix}/bin'
sharedstatedir='${prefix}/com'
sysconfdir='${prefix}/etc'
target_alias=''

## ----------- ##
## confdefs.h. ##
## ----------- ##

/* confdefs.h */
#define PACKAGE_NAME "libxml2"
#define PACKAGE_TARNAME "libxml2"
#define PACKAGE_VERSION "2.12.4"
#define PACKAGE_STRING "libxml2 2.12.4"
#define PACKAGE_BUGREPORT ""
#define PACKAGE_URL ""
#define PACKAGE "libxml2"
#define VERSION "2.12.4"
#define HAVE_STDIO_H 1
#define HAVE_STDLIB_H 1
#define HAVE_STRING_H 1
#define HAVE_INTTYPES_H 1
#define HAVE_STDINT_H 1
#define HAVE_STRINGS_H 1
#define HAVE_SYS_STAT_H 1
#define HAVE_SYS_TYPES_H 1
#define HAVE_UNISTD_H 1
#define STDC_HEADERS 1
#define HAVE_DLFCN_H 1
#define LT_OBJDIR ".libs/"
#define HAVE_STDINT_H 1
#define HAVE_INTTYPES_H 1
#define HAVE_FCNTL_H 1
#define HAVE_UNISTD_H 1
#define HAVE_SYS_STAT_H 1
#define HAVE_SYS_MMAN_H 1
#define HAVE_SYS_SOCKET_H 1
#define HAVE_NETINET_IN_H 1
#define HAVE_ARPA_INET_H 1
#define HAVE_NETDB_H 1
#define HAVE_SYS_SELECT_H 1
#define HAVE_POLL_H 1
#define HAVE_SYS_TIME_H 1
#define HAVE_SYS_TIMEB_H 1
#define HAVE_DLFCN_H 1
#define HAVE_GLOB_H 1
#define HAVE_GETTIMEOFDAY 1
#define HAVE_FTIME 1
#define HAVE_STAT 1
#define HAVE_ISASCII 1
#define HAVE_MMAP 1
#define HAVE_MUNMAP 1
#define HAVE_VA_COPY 1
#define XML_SOCKLEN_T socklen_t
#define SUPPORT_IP6 /**/
#define HAVE_ATTRIBUTE_DESTRUCTOR 1
#define ATTRIBUTE_DESTRUCTOR __attribute__((destructor))
#define HAVE_DLOPEN /**/
#define HAVE_PTHREAD_H 1
#define HAVE_PTHREAD_H /**/

configure: exit 0
